<?xml version="1.0" encoding="UTF-8"?>
<!-- Generated by org.testng.reporters.JUnitReportReporter -->
<testsuite hostname="LAPTOP-JMC3F72L" failures="0" tests="1" name="testCases.AccountRegistrationTest" time="3.315" errors="0" timestamp="2024-09-17T18:24:12 IST" skipped="0">
  <testcase classname="testCases.AccountRegistrationTest" name="verify_account_registration" time="3.315"/>
</testsuite> <!-- testCases.AccountRegistrationTest -->
