<?xml version="1.0" encoding="UTF-8"?>
<!-- Generated by org.testng.reporters.JUnitReportReporter -->
<testsuite hostname="LAPTOP-JMC3F72L" failures="0" tests="1" name="testCases.LoginTest" time="2.057" errors="0" timestamp="2024-09-19T15:31:22 IST" skipped="0">
  <testcase classname="testCases.LoginTest" name="verify_login" time="2.057"/>
</testsuite> <!-- testCases.LoginTest -->
